[2023-06-15 15:11:45,723] root - INFO - printing dict data : {'database_name': 'INSURANCE', 'collection_name': 'INSURANCE_PROJECT', 'data_ingestion_dir': '/home/vinod/projects/Insurance_prediction/artifacts/data_ingestion', 'train_path': '/home/vinod/projects/Insurance_prediction/artifacts/data_ingestion/data_split/train_df.csv', 'test_path': '/home/vinod/projects/Insurance_prediction/artifacts/data_ingestion/data_split/test_df.csv'}
[2023-06-15 15:11:45,723] root - INFO - Starting data ingestion
[2023-06-15 15:11:45,727] root - INFO - got data from mongodb
[2023-06-15 15:11:45,728] root - INFO - storing train data
[2023-06-15 15:11:45,736] root - INFO - data validation started........
[2023-06-15 15:11:45,741] root - INFO - dropping null values
[2023-06-15 15:11:45,741] root - INFO - now shape of df : (1070, 8)
[2023-06-15 15:11:45,742] root - INFO - now shape of df : (268, 8)
[2023-06-15 15:11:45,742] root - INFO - drop_index_column 
[2023-06-15 15:11:45,743] root - INFO - now shape of df : (1070, 7)
[2023-06-15 15:11:45,744] root - INFO - now shape of df : (268, 7)
[2023-06-15 15:11:45,750] root - INFO - data validation is almost done
[2023-06-15 15:11:45,751] root - INFO - returning data_validation_artifact
[2023-06-15 15:11:45,751] root - INFO - ...................Starting data transformation..................
[2023-06-15 15:11:45,751] root - INFO - reading data from valid_feature_store_file...
[2023-06-15 15:11:45,769] root - INFO - returning data transformatin artifact
[2023-06-15 15:11:45,769] root - INFO - Reading train and test data from data_transformation artifacts...
[2023-06-15 15:11:45,774] root - INFO - splitting train and test data into x_train, x_test and y_train, y_test ...
[2023-06-15 15:11:45,774] root - INFO - X_train shape is : (1070, 11)
[2023-06-15 15:11:45,774] root - INFO - x_test shape is : (268, 11)
[2023-06-15 15:11:45,774] root - INFO - ready to fit data to model...
[2023-06-15 15:11:46,260] root - INFO - data fitted to model...
[2023-06-15 15:11:46,282] root - INFO - predicted for x_test : 0.8774382505963123
[2023-06-15 15:11:46,314] root - INFO - predicted for x_train : 0.8850998112985581
[2023-06-15 15:11:46,343] root - INFO - predicted mse for x_train : 16439559.686525295
[2023-06-15 15:11:46,363] root - INFO - predicted mse for x_test : 19655691.07839819
[2023-06-15 15:11:46,393] root - INFO - predicted for mae x_train : 2221.5643427569994
[2023-06-15 15:11:46,416] root - INFO - predicted for  mae x_test : 2557.990259550509
[2023-06-15 15:11:46,448] root - INFO - predicted rmse for x_train : 4054.572688524069
[2023-06-15 15:11:46,469] root - INFO - predicted for x_test : 4433.473928918292
[2023-06-15 15:11:46,469] root - INFO - calculating absolute diff between r2_train_score and r2_test_score, :  0.007661560702245773
[2023-06-15 15:11:46,469] root - INFO - observing model performance whether is underfitted or overfitted...
[2023-06-15 15:11:46,469] root - INFO - save the model as a dill(pickle) file....
[2023-06-15 15:11:46,476] root - INFO - Model evaluation started ......
[2023-06-15 15:11:46,476] root - INFO - model_evaluation_artifact : ModelEvaluationArtifact(model_eccepted=True, improved_accuracy=None)
[2023-06-15 15:11:46,476] root - INFO - model pusher is started.....
[2023-06-15 15:11:46,476] root - INFO - reading(unpickling) transformer and model
[2023-06-15 15:11:46,494] root - INFO - saving transformer and model file into saved folder...
