[2023-05-16 09:00:18,161] root - INFO - export colletion data as pd.DataFrame
[2023-05-16 09:00:18,161] root - INFO - Reading data from database: INSURANCE and collection: INSURANCE_PROJECT
[2023-05-16 09:00:19,438] root - INFO - Found total columns: Index(['_id', 'age', 'sex', 'bmi', 'children', 'smoker', 'region', 'charges'], dtype='object')
[2023-05-16 09:00:19,438] root - INFO - Dropping column: _id
[2023-05-16 09:00:19,439] root - INFO - Row and columns in df: (1338, 7)
[2023-05-16 09:00:19,439] root - INFO - save data into feature store
[2023-05-16 09:00:19,439] root - INFO - create feature store folder, if not available
[2023-05-16 09:00:19,440] root - INFO - save df to feature store folder
[2023-05-16 09:00:19,444] root - INFO - spliting data into train and test
[2023-05-16 09:00:19,445] root - INFO - create dataset_dir if not exist
[2023-05-16 09:00:19,445] root - INFO - save dataset to feature store after split
[2023-05-16 09:00:19,449] root - INFO - prepare data_ingestion_artifact
[2023-05-16 09:00:19,449] root - INFO - Reading base dataframe
[2023-05-16 09:00:19,452] root - INFO - Replace na value in base df
[2023-05-16 09:00:19,452] root - INFO - Drop null values colums from base df
[2023-05-16 09:00:19,453] root - INFO - selecting column name which contains null above to 0.2
[2023-05-16 09:00:19,453] root - INFO - Columns to drop: []
[2023-05-16 09:00:19,453] root - INFO - Reading train dataframe
[2023-05-16 09:00:19,455] root - INFO - Reading test dataframe
[2023-05-16 09:00:19,457] root - INFO - selecting column name which contains null above to 0.2
[2023-05-16 09:00:19,457] root - INFO - Columns to drop: []
[2023-05-16 09:00:19,458] root - INFO - selecting column name which contains null above to 0.2
[2023-05-16 09:00:19,458] root - INFO - Columns to drop: []
[2023-05-16 09:00:19,461] root - INFO - Is all required columns present in train df
[2023-05-16 09:00:19,461] root - INFO - Column: [index is not available.]
[2023-05-16 09:00:19,461] root - INFO - Is all required columns present in test df
[2023-05-16 09:00:19,461] root - INFO - Column: [index is not available.]
[2023-05-16 09:00:19,461] root - INFO - Write reprt in yaml file
[2023-05-16 09:00:19,462] root - INFO - Data validation artifact: DataValidationArtifact(report_file_path='/home/vinod/projects/Insurance_prediction/artifact/data_validation/report.yaml')
