[2023-06-15 15:14:59,065] root - INFO - printing dict data : {'database_name': 'INSURANCE', 'collection_name': 'INSURANCE_PROJECT', 'data_ingestion_dir': '/home/vinod/projects/Insurance_prediction/artifacts/data_ingestion', 'train_path': '/home/vinod/projects/Insurance_prediction/artifacts/data_ingestion/data_split/train_df.csv', 'test_path': '/home/vinod/projects/Insurance_prediction/artifacts/data_ingestion/data_split/test_df.csv'}
[2023-06-15 15:14:59,065] root - INFO - Starting data ingestion
[2023-06-15 15:14:59,068] root - INFO - got data from mongodb
[2023-06-15 15:14:59,068] root - INFO - storing train data
[2023-06-15 15:14:59,073] root - INFO - data validation started........
[2023-06-15 15:14:59,077] root - INFO - dropping null values
[2023-06-15 15:14:59,077] root - INFO - now shape of df : (1070, 8)
[2023-06-15 15:14:59,078] root - INFO - now shape of df : (268, 8)
[2023-06-15 15:14:59,078] root - INFO - drop_index_column 
[2023-06-15 15:14:59,078] root - INFO - now shape of df : (1070, 7)
[2023-06-15 15:14:59,079] root - INFO - now shape of df : (268, 7)
[2023-06-15 15:14:59,083] root - INFO - data validation is almost done
[2023-06-15 15:14:59,083] root - INFO - returning data_validation_artifact
[2023-06-15 15:14:59,083] root - INFO - ...................Starting data transformation..................
[2023-06-15 15:14:59,083] root - INFO - reading data from valid_feature_store_file...
[2023-06-15 15:14:59,098] root - INFO - returning data transformatin artifact
[2023-06-15 15:14:59,098] root - INFO - Reading train and test data from data_transformation artifacts...
[2023-06-15 15:14:59,102] root - INFO - splitting train and test data into x_train, x_test and y_train, y_test ...
[2023-06-15 15:14:59,102] root - INFO - X_train shape is : (1070, 11)
[2023-06-15 15:14:59,102] root - INFO - x_test shape is : (268, 11)
[2023-06-15 15:14:59,102] root - INFO - ready to fit data to model...
[2023-06-15 15:14:59,578] root - INFO - data fitted to model...
[2023-06-15 15:14:59,597] root - INFO - predicted for x_test : 0.8893471425115165
[2023-06-15 15:14:59,625] root - INFO - predicted for x_train : 0.8841193217099734
[2023-06-15 15:14:59,656] root - INFO - predicted mse for x_train : 17266071.485718224
[2023-06-15 15:14:59,676] root - INFO - predicted mse for x_test : 14921729.378314242
[2023-06-15 15:14:59,702] root - INFO - predicted for mae x_train : 2361.8806928491117
[2023-06-15 15:14:59,720] root - INFO - predicted for  mae x_test : 2388.1618489377556
[2023-06-15 15:14:59,748] root - INFO - predicted rmse for x_train : 4155.246260538384
[2023-06-15 15:14:59,766] root - INFO - predicted for x_test : 3862.8654362162606
[2023-06-15 15:14:59,766] root - INFO - calculating absolute diff between r2_train_score and r2_test_score, :  0.005227820801543048
[2023-06-15 15:14:59,766] root - INFO - observing model performance whether is underfitted or overfitted...
[2023-06-15 15:14:59,766] root - INFO - save the model as a dill(pickle) file....
[2023-06-15 15:14:59,774] root - INFO - Model evaluation started ......
[2023-06-15 15:14:59,774] root - INFO - model_evaluation_artifact : ModelEvaluationArtifact(model_eccepted=True, improved_accuracy=None)
[2023-06-15 15:14:59,774] root - INFO - model pusher is started.....
[2023-06-15 15:14:59,774] root - INFO - reading(unpickling) transformer and model
[2023-06-15 15:14:59,789] root - INFO - saving transformer and model file into saved folder...
