[2023-05-16 09:08:55,633] root - INFO - export colletion data as pd.DataFrame
[2023-05-16 09:08:55,633] root - INFO - Reading data from database: INSURANCE and collection: INSURANCE_PROJECT
[2023-05-16 09:08:57,096] root - INFO - Found total columns: Index(['_id', 'age', 'sex', 'bmi', 'children', 'smoker', 'region', 'charges'], dtype='object')
[2023-05-16 09:08:57,096] root - INFO - Dropping column: _id
[2023-05-16 09:08:57,098] root - INFO - Row and columns in df: (1338, 7)
[2023-05-16 09:08:57,098] root - INFO - save data into feature store
[2023-05-16 09:08:57,099] root - INFO - create feature store folder, if not available
[2023-05-16 09:08:57,100] root - INFO - save df to feature store folder
[2023-05-16 09:08:57,106] root - INFO - spliting data into train and test
[2023-05-16 09:08:57,108] root - INFO - create dataset_dir if not exist
[2023-05-16 09:08:57,108] root - INFO - save dataset to feature store after split
[2023-05-16 09:08:57,117] root - INFO - prepare data_ingestion_artifact
[2023-05-16 09:08:57,117] root - INFO - Reading base dataframe
[2023-05-16 09:08:57,121] root - INFO - Replace na value in base df
[2023-05-16 09:08:57,121] root - INFO - Drop null values colums from base df
[2023-05-16 09:08:57,123] root - INFO - selecting column name which contains null above to 0.2
[2023-05-16 09:08:57,123] root - INFO - Columns to drop: []
[2023-05-16 09:08:57,124] root - INFO - Reading train dataframe
[2023-05-16 09:08:57,127] root - INFO - Reading test dataframe
[2023-05-16 09:08:57,130] root - INFO - selecting column name which contains null above to 0.2
[2023-05-16 09:08:57,130] root - INFO - Columns to drop: []
[2023-05-16 09:08:57,131] root - INFO - selecting column name which contains null above to 0.2
[2023-05-16 09:08:57,132] root - INFO - Columns to drop: []
[2023-05-16 09:08:57,134] root - INFO - Is all required columns present in train df
[2023-05-16 09:08:57,134] root - INFO - Column: [index is not available.]
[2023-05-16 09:08:57,135] root - INFO - Is all required columns present in test df
[2023-05-16 09:08:57,135] root - INFO - Column: [index is not available.]
[2023-05-16 09:08:57,135] root - INFO - Write reprt in yaml file
[2023-05-16 09:08:57,135] root - INFO - Data validation artifact: DataValidationArtifact(report_file_path='/home/vinod/projects/Insurance_prediction/artifact/data_validation/report.yaml')
