[2023-06-15 15:11:10,018] root - INFO - printing dict data : {'database_name': 'INSURANCE', 'collection_name': 'INSURANCE_PROJECT', 'data_ingestion_dir': '/home/vinod/projects/Insurance_prediction/artifacts/data_ingestion', 'train_path': '/home/vinod/projects/Insurance_prediction/artifacts/data_ingestion/data_split/train_df.csv', 'test_path': '/home/vinod/projects/Insurance_prediction/artifacts/data_ingestion/data_split/test_df.csv'}
[2023-06-15 15:11:10,018] root - INFO - Starting data ingestion
[2023-06-15 15:11:10,021] root - INFO - got data from mongodb
[2023-06-15 15:11:10,022] root - INFO - storing train data
[2023-06-15 15:11:10,028] root - INFO - data validation started........
[2023-06-15 15:11:10,032] root - INFO - dropping null values
[2023-06-15 15:11:10,039] root - INFO - now shape of df : (1070, 8)
[2023-06-15 15:11:10,039] root - INFO - now shape of df : (268, 8)
[2023-06-15 15:11:10,039] root - INFO - drop_index_column 
[2023-06-15 15:11:10,042] root - INFO - now shape of df : (1070, 7)
[2023-06-15 15:11:10,042] root - INFO - now shape of df : (268, 7)
[2023-06-15 15:11:10,049] root - INFO - data validation is almost done
[2023-06-15 15:11:10,049] root - INFO - returning data_validation_artifact
[2023-06-15 15:11:10,049] root - INFO - ...................Starting data transformation..................
[2023-06-15 15:11:10,049] root - INFO - reading data from valid_feature_store_file...
[2023-06-15 15:11:10,071] root - INFO - returning data transformatin artifact
[2023-06-15 15:11:10,071] root - INFO - Reading train and test data from data_transformation artifacts...
[2023-06-15 15:11:10,076] root - INFO - splitting train and test data into x_train, x_test and y_train, y_test ...
[2023-06-15 15:11:10,076] root - INFO - X_train shape is : (1070, 11)
[2023-06-15 15:11:10,077] root - INFO - x_test shape is : (268, 11)
[2023-06-15 15:11:10,077] root - INFO - ready to fit data to model...
[2023-06-15 15:11:10,552] root - INFO - data fitted to model...
[2023-06-15 15:11:10,571] root - INFO - predicted for x_test : 0.8264448036351575
[2023-06-15 15:11:10,600] root - INFO - predicted for x_train : 0.8959298144975567
[2023-06-15 15:11:10,639] root - INFO - predicted mse for x_train : 15305075.852526885
[2023-06-15 15:11:10,663] root - INFO - predicted mse for x_test : 25057165.2596961
[2023-06-15 15:11:10,691] root - INFO - predicted for mae x_train : 2085.9186454359215
[2023-06-15 15:11:10,710] root - INFO - predicted for  mae x_test : 2683.610505039686
[2023-06-15 15:11:10,739] root - INFO - predicted rmse for x_train : 3912.1702228465065
[2023-06-15 15:11:10,760] root - INFO - predicted for x_test : 5005.713261833532
[2023-06-15 15:11:10,760] root - INFO - calculating absolute diff between r2_train_score and r2_test_score, :  0.06948501086239922
[2023-06-15 15:11:10,760] root - INFO - observing model performance whether is underfitted or overfitted...
[2023-06-15 15:11:10,760] root - INFO - save the model as a dill(pickle) file....
[2023-06-15 15:11:10,766] root - INFO - Model evaluation started ......
[2023-06-15 15:11:10,766] root - INFO - model_evaluation_artifact : ModelEvaluationArtifact(model_eccepted=True, improved_accuracy=None)
[2023-06-15 15:11:10,766] root - INFO - model pusher is started.....
[2023-06-15 15:11:10,766] root - INFO - reading(unpickling) transformer and model
[2023-06-15 15:11:10,776] root - INFO - saving transformer and model file into saved folder...
